[debug] [2024-05-08T15:35:09.783Z] ----------------------------------------------------------------------
[debug] [2024-05-08T15:35:09.784Z] Command:       /usr/local/bin/node /usr/local/bin/firebase init
[debug] [2024-05-08T15:35:09.784Z] CLI Version:   13.7.0
[debug] [2024-05-08T15:35:09.784Z] Platform:      darwin
[debug] [2024-05-08T15:35:09.785Z] Node Version:  v20.11.1
[debug] [2024-05-08T15:35:09.785Z] Time:          Wed May 08 2024 08:35:09 GMT-0700 (Pacific Daylight Time)
[debug] [2024-05-08T15:35:09.785Z] ----------------------------------------------------------------------
[debug] 
[debug] [2024-05-08T15:35:09.786Z] >>> [apiv2][query] GET https://firebase-public.firebaseio.com/cli.json [none]
[debug] [2024-05-08T15:35:09.805Z] > command requires scopes: ["email","openid","https://www.googleapis.com/auth/cloudplatformprojects.readonly","https://www.googleapis.com/auth/firebase","https://www.googleapis.com/auth/cloud-platform"]
[debug] [2024-05-08T15:35:09.805Z] > authorizing via signed-in user (nursingunity01@gmail.com)
[info] 
     ######## #### ########  ######## ########     ###     ######  ########
     ##        ##  ##     ## ##       ##     ##  ##   ##  ##       ##
     ######    ##  ########  ######   ########  #########  ######  ######
     ##        ##  ##    ##  ##       ##     ## ##     ##       ## ##
     ##       #### ##     ## ######## ########  ##     ##  ######  ########

You're about to initialize a Firebase project in this directory:

  /Users/pam/Desktop/GitHub/Group_13_Final_Project

[debug] [2024-05-08T15:35:10.001Z] <<< [apiv2][status] GET https://firebase-public.firebaseio.com/cli.json 200
[debug] [2024-05-08T15:35:10.002Z] <<< [apiv2][body] GET https://firebase-public.firebaseio.com/cli.json {"cloudBuildErrorAfter":1594252800000,"cloudBuildWarnAfter":1590019200000,"defaultNode10After":1594252800000,"minVersion":"3.0.5","node8DeploysDisabledAfter":1613390400000,"node8RuntimeDisabledAfter":1615809600000,"node8WarnAfter":1600128000000}
